<?xml version="1.0" encoding="UTF-8"?>
<!-- Generated by org.testng.reporters.JUnitReportReporter -->
<testsuite hostname="Mez_Laptop" failures="0" tests="1" name="tutorialsNinja.TestCases.RegisterTest" time="7.206" errors="0" timestamp="2024-07-31T01:05:50 EST" skipped="0">
  <testcase classname="tutorialsNinja.TestCases.RegisterTest" name="verifyRegisterWithAllDetails" time="7.206"/>
</testsuite> <!-- tutorialsNinja.TestCases.RegisterTest -->
