<?xml version="1.0" encoding="UTF-8"?>
<!-- Generated by org.testng.reporters.JUnitReportReporter -->
<testsuite hostname="Mez_Laptop" failures="0" tests="1" name="tutorialsNinja.TestCases.CheckoutTest" time="7.009" errors="0" timestamp="2024-08-12T23:07:24 EDT" skipped="0">
  <testcase classname="tutorialsNinja.TestCases.CheckoutTest" name="searchValidProduct" time="7.009"/>
</testsuite> <!-- tutorialsNinja.TestCases.CheckoutTest -->
