<?xml version="1.0" encoding="UTF-8"?>
<!-- Generated by org.testng.reporters.JUnitReportReporter -->
<testsuite hostname="Mez_Laptop" failures="0" tests="1" name="tutorialsNinja.TestCases.LoginTest" time="6.048" errors="0" timestamp="2024-08-12T23:41:35 EDT" skipped="0">
  <testcase classname="tutorialsNinja.TestCases.LoginTest" name="loginWithValidCredentials" time="6.048"/>
</testsuite> <!-- tutorialsNinja.TestCases.LoginTest -->
