<?xml version="1.0" encoding="UTF-8"?>
<!-- Generated by org.testng.reporters.JUnitReportReporter -->
<testsuite hostname="Mez_Laptop" failures="0" tests="1" name="tutorialsNinja.TestCases.CheckoutTest" time="7.355" errors="0" timestamp="2024-08-13T22:30:20 EDT" skipped="0">
  <testcase classname="tutorialsNinja.TestCases.CheckoutTest" name="searchValidProduct" time="7.355"/>
</testsuite> <!-- tutorialsNinja.TestCases.CheckoutTest -->
