<?xml version="1.0" encoding="UTF-8"?>
<!-- Generated by org.testng.reporters.JUnitReportReporter -->
<testsuite hostname="Mez_Laptop" failures="0" tests="1" name="tutorialsNinja.TestCases.RegisterTest" time="6.453" errors="0" timestamp="2024-08-12T23:41:35 EDT" skipped="0">
  <testcase classname="tutorialsNinja.TestCases.RegisterTest" name="verifyRegisterWithAllDetails" time="6.453"/>
</testsuite> <!-- tutorialsNinja.TestCases.RegisterTest -->
